<?xml version="1.0" encoding="UTF-8"?>
<testsuites tests="1" disabled="0" errors="0" failures="0" time="10.123456789">
    <testsuite name="testdata.valid.multiple_test_suites.one" package="/var/lib/reporter/testdata" tests="1" disabled="0" skipped="0" errors="0" failures="0" time="10.123456789" timestamp="2024-01-02T03:04:05">
        <testcase name="one" classname="testdata.valid.multiple_test_suites.one" status="passed" time="10.123456789"></testcase>
    </testsuite>
    <testsuite name="testdata.valid.multiple_test_suites.two" package="/var/lib/reporter/testdata" tests="1" disabled="0" skipped="0" errors="0" failures="0" time="10.123456789" timestamp="2024-01-02T03:04:05">
        <testcase name="two" classname="testdata.valid.multiple_test_suites.two" status="passed" time="10.123456789"></testcase>
    </testsuite>
    <testsuite name="testdata.valid.multiple_test_suites.three" package="/var/lib/reporter/testdata" tests="1" disabled="0" skipped="0" errors="0" failures="0" time="10.123456789" timestamp="2024-01-02T03:04:05">
        <testcase name="three" classname="testdata.valid.multiple_test_suites.three" status="passed" time="10.123456789"></testcase>
    </testsuite>
</testsuites>
