<?xml version="1.0" encoding="UTF-8"?>
<testsuites tests="3" disabled="0" errors="0" failures="0" time="10.123456789">
    <testsuite name="testdata.valid.test_suites_with_properties.has_polarion_property"
        package="/var/lib/reporter/testdata" tests="1" disabled="0" skipped="0" errors="0"
        failures="0" time="10.123456789" timestamp="2024-01-02T03:04:05">
        <properties>
            <property name="polarion-testcase-id" value="EXAMPLE-125"></property>
        </properties>
        <testcase name="has_polarion_property"
            classname="testdata.valid.test_suites_with_properties.has_polarion_property"
            status="passed" time="10.123456789"></testcase>
    </testsuite>
    <testsuite name="testdata.valid.test_suites_with_properties.has_generic_property"
        package="/var/lib/reporter/testdata" tests="1" disabled="0" skipped="0" errors="0"
        failures="0" time="10.123456789" timestamp="2024-01-02T03:04:05">
        <properties>
            <property name="dry_run" value="True"></property>
            <property name="config" value="a=10;b=20"></property>
        </properties>
        <testcase name="has_generic_property"
            classname="testdata.valid.test_suites_with_properties.has_generic_property"
            status="passed" time="10.123456789"></testcase>
    </testsuite>
    <testsuite name="testdata.valid.test_suites_with_properties.has_no_property"
        package="/var/lib/reporter/testdata" tests="1" disabled="0" skipped="0" errors="0"
        failures="0" time="10.123456789" timestamp="2024-01-02T03:04:05">
        <testcase name="has_no_property"
            classname="testdata.valid.test_suites_with_properties.has_no_property" status="passed"
            time="10.123456789"></testcase>
    </testsuite>
</testsuites>
